<?xml version="1.0" encoding="UTF-8"?>
<!-- Generated by org.testng.reporters.JUnitReportReporter -->
<testsuite hostname="DESKTOP-J9LTMTP" failures="0" tests="1" name="com.org.scripts.Login_logout_Excel" time="16.719" errors="0" timestamp="2022-12-29T23:19:35 IST" skipped="0">
  <testcase classname="com.org.scripts.Login_logout_Excel" name="Login_LogoutTestcase" time="16.719"/>
  <system-out/>
</testsuite> <!-- com.org.scripts.Login_logout_Excel -->
