<?xml version="1.0" encoding="UTF-8"?>
<!-- Generated by org.testng.reporters.JUnitReportReporter -->
<testsuite hostname="Yelatis-MacBook-Pro.local" failures="0" tests="1" name="com.org.scripts.Login_LogoutTest" time="5.425" errors="0" timestamp="2024-02-03T19:13:01 IST" skipped="0">
  <testcase classname="com.org.scripts.Login_LogoutTest" name="Login_LogoutTestcase" time="5.425"/>
  <system-out/>
</testsuite> <!-- com.org.scripts.Login_LogoutTest -->
