<?xml version="1.0" encoding="UTF-8"?>
<!-- Generated by org.testng.reporters.JUnitReportReporter -->
<testsuite hostname="DESKTOP-J9LTMTP" failures="0" tests="1" name="com.org.config.StartBrowser" time="9.147" errors="0" timestamp="2022-11-01T12:36:31 IST" skipped="0">
  <testcase classname="com.org.config.StartBrowser" name="testlogin" time="9.147"/>
  <system-out/>
</testsuite> <!-- com.org.config.StartBrowser -->
