<?xml version="1.0" encoding="UTF-8"?>
<!-- Generated by org.testng.reporters.JUnitReportReporter -->
<testsuite hostname="DESKTOP-J9LTMTP" failures="0" tests="2" name="com.praciticescenarios.TestNGFlow" time="0.063" errors="0" timestamp="2022-11-29T05:07:35 IST" skipped="0">
  <testcase classname="com.praciticescenarios.TestNGFlow" name="Tesapp1" time="0.050"/>
  <system-out/>
  <testcase classname="com.praciticescenarios.TestNGFlow" name="Tesapp2" time="0.013"/>
  <system-out/>
</testsuite> <!-- com.praciticescenarios.TestNGFlow -->
