<?xml version="1.0" encoding="UTF-8"?>
<!-- Generated by org.testng.reporters.JUnitReportReporter -->
<testsuite hostname="Yelatis-MacBook-Pro.local" failures="0" tests="1" name="com.org.scripts.Login_logout_ExcelTest" time="13.422" errors="0" timestamp="2024-03-25T06:24:00 IST" skipped="0">
  <testcase classname="com.org.scripts.Login_logout_ExcelTest" name="Login_LogoutTestcase" time="13.422"/>
  <system-out/>
</testsuite> <!-- com.org.scripts.Login_logout_ExcelTest -->
