<?xml version="1.0" encoding="UTF-8"?>
<!-- Generated by org.testng.reporters.JUnitReportReporter -->
<testsuite hostname="Yelatis-MacBook-Pro.local" failures="0" tests="1" name="com.org.scripts.Login_logout_ExcelTest" time="12.017" errors="0" timestamp="2024-02-03T19:18:32 IST" skipped="0">
  <testcase classname="com.org.scripts.Login_logout_ExcelTest" name="Login_LogoutTestcase" time="12.017"/>
  <system-out/>
</testsuite> <!-- com.org.scripts.Login_logout_ExcelTest -->
